
Showing logs for build [32mcb-kubecd-environment-pr-197-38-59g6z-1[0m stage [32mfrom-build-pack[0m and container [32mstep-credential-initializer-252h4[0m
{"level":"warn","ts":1586343697.0063176,"logger":"fallback-logger","caller":"logging/config.go:69","msg":"Fetch GitHub commit ID from kodata failed: \"ref: refs/heads/0.8.0-**-support-backwards-incompats\" is not a valid GitHub commit ID"}
{"level":"info","ts":1586343697.017705,"logger":"fallback-logger","caller":"creds-init/main.go:40","msg":"Credentials initialized."}

Showing logs for build [32mcb-kubecd-environment-pr-197-38-59g6z-1[0m stage [32mfrom-build-pack[0m and container [32mstep-working-dir-initializer-hqtlb[0m
{"level":"warn","ts":1586343697.4934244,"logger":"fallback-logger","caller":"logging/config.go:69","msg":"Fetch GitHub commit ID from kodata failed: open /var/run/ko/HEAD: no such file or directory"}
{"level":"info","ts":1586343697.4973803,"logger":"fallback-logger","caller":"bash/main.go:64","msg":"Successfully executed command \"sh -c mkdir -p /workspace/source\"; output "}

Showing logs for build [32mcb-kubecd-environment-pr-197-38-59g6z-1[0m stage [32mfrom-build-pack[0m and container [32mstep-place-tools[0m

Showing logs for build [32mcb-kubecd-environment-pr-197-38-59g6z-1[0m stage [32mfrom-build-pack[0m and container [32mstep-git-source-cb-kubecd-environment-pr-197-38-59g6z-6knck[0m
{"level":"warn","ts":1586343702.6376483,"logger":"fallback-logger","caller":"logging/config.go:69","msg":"Fetch GitHub commit ID from kodata failed: \"ref: refs/heads/0.8.0-**-support-backwards-incompats\" is not a valid GitHub commit ID"}
{"level":"info","ts":1586343703.7226076,"logger":"fallback-logger","caller":"git/git.go:103","msg":"Successfully cloned https://github.com/cb-kubecd/environment-pr-197-38-boot-vault-gke-staging.git @ master in path /workspace/source"}

Showing logs for build [32mcb-kubecd-environment-pr-197-38-59g6z-1[0m stage [32mfrom-build-pack[0m and container [32mstep-git-merge[0m
Using SHAs from PULL_REFS=master:f0df8eafebbdd16c36ab8099cb98000ae60449aa,2:1e818d3cd9f08c978a305fed9d43adb77ca390cf
DEBUG: LC_ALL=C JX_LOG_LEVEL=error git fetch origin --unshallow 1e818d3cd9f08c978a305fed9d43adb77ca390cf: f0df8eafebbdd16c36ab8099cb98000ae60449aa:
DEBUG: ran git fetch --unshallow origin 1e818d3cd9f08c978a305fed9d43adb77ca390cf: f0df8eafebbdd16c36ab8099cb98000ae60449aa: in 
DEBUG: JX_LOG_LEVEL=error LC_ALL=C git branch
DEBUG: JX_LOG_LEVEL=error LC_ALL=C git checkout master
DEBUG: ran git checkout master in 
DEBUG: LC_ALL=C JX_LOG_LEVEL=error git reset --hard f0df8eafebbdd16c36ab8099cb98000ae60449aa
DEBUG: ran git reset --hard f0df8eafebbdd16c36ab8099cb98000ae60449aa in 
DEBUG: LC_ALL=C JX_LOG_LEVEL=error git clean -fd .
DEBUG: ran clean --force -d . in 
DEBUG: LC_ALL=C JX_LOG_LEVEL=error git merge 1e818d3cd9f08c978a305fed9d43adb77ca390cf
DEBUG: ran git merge 1e818d3cd9f08c978a305fed9d43adb77ca390cf in 
DEBUG: LC_ALL=C JX_LOG_LEVEL=error git log --format=%H%x1f%an%x1f%ae%x1f%cn%x1f%ce%x1f%s%n%b%x1e f0df8eafebbdd16c36ab8099cb98000ae60449aa..HEAD
Merged SHA 1e818d3cd9f08c978a305fed9d43adb77ca390cf with commit message 'chore: Promote bdd-nh-1586343391 to version 0.0.1' into base branch master

Showing logs for build [32mcb-kubecd-environment-pr-197-38-59g6z-1[0m stage [32mfrom-build-pack[0m and container [32mstep-build-helm-build[0m
WARNING: No $CHART_REPOSITORY defined so using the default value of: http://jenkins-x-chartmuseum:8080
Adding missing Helm repo: storage.googleapis.com https://storage.googleapis.com/chartmuseum.jenkins-x.io
WARNING: No secrets found on "helm/repos" due: reading the secret "helm/repos" from vault: no secret "helm/repos" not found in vault
Read credentials for https://storage.googleapis.com/chartmuseum.jenkins-x.io from vault helm/repos
Successfully added Helm repository storage.googleapis.com.
Adding missing Helm repo: jenkins-x-chartmuseum http://jenkins-x-chartmuseum:8080
WARNING: No secrets found on "helm/repos" due: reading the secret "helm/repos" from vault: no secret "helm/repos" not found in vault
Read credentials for http://jenkins-x-chartmuseum:8080 from vault helm/repos
Successfully added Helm repository jenkins-x-chartmuseum.
WARNING: No $CHART_REPOSITORY defined so using the default value of: http://jenkins-x-chartmuseum:8080
Adding missing Helm repo: chartmuseum.jenkins-x.io http://chartmuseum.jenkins-x.io
WARNING: No secrets found on "helm/repos" due: reading the secret "helm/repos" from vault: no secret "helm/repos" not found in vault
Read credentials for http://chartmuseum.jenkins-x.io from vault helm/repos
Successfully added Helm repository chartmuseum.jenkins-x.io.
