
Showing logs for build [32mcb-kubecd-environment-pr-197-38-6clgb-1[0m stage [32mfrom-build-pack[0m and container [32mstep-credential-initializer-vpxbq[0m
{"level":"warn","ts":1586344684.5059114,"logger":"fallback-logger","caller":"logging/config.go:69","msg":"Fetch GitHub commit ID from kodata failed: \"ref: refs/heads/0.8.0-**-support-backwards-incompats\" is not a valid GitHub commit ID"}
{"level":"info","ts":1586344684.5069447,"logger":"fallback-logger","caller":"creds-init/main.go:40","msg":"Credentials initialized."}

Showing logs for build [32mcb-kubecd-environment-pr-197-38-6clgb-1[0m stage [32mfrom-build-pack[0m and container [32mstep-working-dir-initializer-nw6f4[0m
{"level":"warn","ts":1586344685.995606,"logger":"fallback-logger","caller":"logging/config.go:69","msg":"Fetch GitHub commit ID from kodata failed: open /var/run/ko/HEAD: no such file or directory"}
{"level":"info","ts":1586344685.9973865,"logger":"fallback-logger","caller":"bash/main.go:64","msg":"Successfully executed command \"sh -c mkdir -p /workspace/source\"; output "}

Showing logs for build [32mcb-kubecd-environment-pr-197-38-6clgb-1[0m stage [32mfrom-build-pack[0m and container [32mstep-place-tools[0m

Showing logs for build [32mcb-kubecd-environment-pr-197-38-6clgb-1[0m stage [32mfrom-build-pack[0m and container [32mstep-git-source-cb-kubecd-environment-pr-197-38-6clgb-bm45h[0m
{"level":"warn","ts":1586344691.0972583,"logger":"fallback-logger","caller":"logging/config.go:69","msg":"Fetch GitHub commit ID from kodata failed: \"ref: refs/heads/0.8.0-**-support-backwards-incompats\" is not a valid GitHub commit ID"}
{"level":"info","ts":1586344692.217408,"logger":"fallback-logger","caller":"git/git.go:103","msg":"Successfully cloned https://github.com/cb-kubecd/environment-pr-197-38-boot-vault-gke-staging.git @ master in path /workspace/source"}

Showing logs for build [32mcb-kubecd-environment-pr-197-38-6clgb-1[0m stage [32mfrom-build-pack[0m and container [32mstep-git-merge[0m
Using SHAs from PULL_REFS=master:c3ccace7d077c88791188b4b8bb4437ee828708c,3:3f02cea5930e8dac3253ab96d94a872e96eaf28f
DEBUG: LC_ALL=C JX_LOG_LEVEL=error git fetch origin --unshallow 3f02cea5930e8dac3253ab96d94a872e96eaf28f: c3ccace7d077c88791188b4b8bb4437ee828708c:
DEBUG: ran git fetch --unshallow origin 3f02cea5930e8dac3253ab96d94a872e96eaf28f: c3ccace7d077c88791188b4b8bb4437ee828708c: in 
DEBUG: LC_ALL=C JX_LOG_LEVEL=error git branch
DEBUG: LC_ALL=C JX_LOG_LEVEL=error git checkout master
DEBUG: ran git checkout master in 
DEBUG: LC_ALL=C JX_LOG_LEVEL=error git reset --hard c3ccace7d077c88791188b4b8bb4437ee828708c
DEBUG: ran git reset --hard c3ccace7d077c88791188b4b8bb4437ee828708c in 
DEBUG: LC_ALL=C JX_LOG_LEVEL=error git clean -fd .
DEBUG: ran clean --force -d . in 
DEBUG: LC_ALL=C JX_LOG_LEVEL=error git merge 3f02cea5930e8dac3253ab96d94a872e96eaf28f
DEBUG: ran git merge 3f02cea5930e8dac3253ab96d94a872e96eaf28f in 
DEBUG: LC_ALL=C JX_LOG_LEVEL=error git log --format=%H%x1f%an%x1f%ae%x1f%cn%x1f%ce%x1f%s%n%b%x1e c3ccace7d077c88791188b4b8bb4437ee828708c..HEAD
Merged SHA 3f02cea5930e8dac3253ab96d94a872e96eaf28f with commit message 'chore: Promote bdd-sbhg-1586343391 to version 0.0.1' into base branch master

Showing logs for build [32mcb-kubecd-environment-pr-197-38-6clgb-1[0m stage [32mfrom-build-pack[0m and container [32mstep-build-helm-build[0m
WARNING: No $CHART_REPOSITORY defined so using the default value of: http://jenkins-x-chartmuseum:8080
Adding missing Helm repo: storage.googleapis.com https://storage.googleapis.com/chartmuseum.jenkins-x.io
WARNING: No secrets found on "helm/repos" due: reading the secret "helm/repos" from vault: no secret "helm/repos" not found in vault
Read credentials for https://storage.googleapis.com/chartmuseum.jenkins-x.io from vault helm/repos
Successfully added Helm repository storage.googleapis.com.
Adding missing Helm repo: jenkins-x-chartmuseum http://jenkins-x-chartmuseum:8080
WARNING: No secrets found on "helm/repos" due: reading the secret "helm/repos" from vault: no secret "helm/repos" not found in vault
Read credentials for http://jenkins-x-chartmuseum:8080 from vault helm/repos
Successfully added Helm repository jenkins-x-chartmuseum.
WARNING: No $CHART_REPOSITORY defined so using the default value of: http://jenkins-x-chartmuseum:8080
Adding missing Helm repo: chartmuseum.jenkins-x.io http://chartmuseum.jenkins-x.io
WARNING: No secrets found on "helm/repos" due: reading the secret "helm/repos" from vault: no secret "helm/repos" not found in vault
Read credentials for http://chartmuseum.jenkins-x.io from vault helm/repos
Successfully added Helm repository chartmuseum.jenkins-x.io.
